<?xml version='1.0' encoding='UTF-8'?>
<testsuite hostname="iMac-de-Harold.local" name="com.latamautos.SwaggerValidatorPactConsumerTest" tests="2" errors="0" failures="1" time="1.586">
                     <properties>
[...]
</properties>
                     <testcase classname="com.latamautos.SwaggerValidatorPactConsumerTest" name="Connecting to the Provider service should be able to get an auth token" time="0.899">
                                                 
                                               </testcase><testcase classname="com.latamautos.SwaggerValidatorPactConsumerTest" name="Connecting to the Provider service should be able to fetch results" time="0.687">
                                                 <failure message="false did not equal true" type="org.scalatest.exceptions.TestFailedException">org.scalatest.exceptions.TestFailedException: false did not equal true
	at org.scalatest.MatchersHelper$.newTestFailedException(MatchersHelper.scala:160)
	at org.scalatest.Matchers$AnyShouldWrapper.shouldEqual(Matchers.scala:6303)
	at com.latamautos.SwaggerValidatorPactConsumerTest$$anonfun$1$$anonfun$apply$mcV$sp$2$$anonfun$apply$mcV$sp$4.apply(SwaggerValidatorPactConsumerTest.scala:68)
	at com.latamautos.SwaggerValidatorPactConsumerTest$$anonfun$1$$anonfun$apply$mcV$sp$2$$anonfun$apply$mcV$sp$4.apply(SwaggerValidatorPactConsumerTest.scala:64)
	at com.itv.scalapact.ScalaPactMock$.configuredTestRunner(ScalaPactMock.scala:19)
	at com.itv.scalapact.ScalaPactMock$.runConsumerIntegrationTest(ScalaPactMock.scala:78)
	at com.itv.scalapact.ScalaPactForger$ForgePactElements$ScalaPactDescription.runConsumerTest(ScalaPactForger.scala:47)
	at com.latamautos.SwaggerValidatorPactConsumerTest$$anonfun$1$$anonfun$apply$mcV$sp$2.apply$mcV$sp(SwaggerValidatorPactConsumerTest.scala:64)
	at com.latamautos.SwaggerValidatorPactConsumerTest$$anonfun$1$$anonfun$apply$mcV$sp$2.apply(SwaggerValidatorPactConsumerTest.scala:46)
	at com.latamautos.SwaggerValidatorPactConsumerTest$$anonfun$1$$anonfun$apply$mcV$sp$2.apply(SwaggerValidatorPactConsumerTest.scala:46)
	at org.scalatest.Transformer$$anonfun$apply$1.apply$mcV$sp(Transformer.scala:22)
	at org.scalatest.OutcomeOf$class.outcomeOf(OutcomeOf.scala:85)
	at org.scalatest.OutcomeOf$.outcomeOf(OutcomeOf.scala:104)
	at org.scalatest.Transformer.apply(Transformer.scala:22)
	at org.scalatest.Transformer.apply(Transformer.scala:20)
	at org.scalatest.FunSpecLike$$anon$1.apply(FunSpecLike.scala:422)
	at org.scalatest.Suite$class.withFixture(Suite.scala:1122)
	at org.scalatest.FunSpec.withFixture(FunSpec.scala:1626)
	at org.scalatest.FunSpecLike$class.invokeWithFixture$1(FunSpecLike.scala:419)
	at org.scalatest.FunSpecLike$$anonfun$runTest$1.apply(FunSpecLike.scala:431)
	at org.scalatest.FunSpecLike$$anonfun$runTest$1.apply(FunSpecLike.scala:431)
	at org.scalatest.SuperEngine.runTestImpl(Engine.scala:306)
	at org.scalatest.FunSpecLike$class.runTest(FunSpecLike.scala:431)
	at org.scalatest.FunSpec.runTest(FunSpec.scala:1626)
	at org.scalatest.FunSpecLike$$anonfun$runTests$1.apply(FunSpecLike.scala:464)
	at org.scalatest.FunSpecLike$$anonfun$runTests$1.apply(FunSpecLike.scala:464)
	at org.scalatest.SuperEngine$$anonfun$traverseSubNodes$1$1.apply(Engine.scala:413)
	at org.scalatest.SuperEngine$$anonfun$traverseSubNodes$1$1.apply(Engine.scala:401)
	at scala.collection.immutable.List.foreach(List.scala:381)
	at org.scalatest.SuperEngine.traverseSubNodes$1(Engine.scala:401)
	at org.scalatest.SuperEngine.org$scalatest$SuperEngine$$runTestsInBranch(Engine.scala:390)
	at org.scalatest.SuperEngine$$anonfun$traverseSubNodes$1$1.apply(Engine.scala:427)
	at org.scalatest.SuperEngine$$anonfun$traverseSubNodes$1$1.apply(Engine.scala:401)
	at scala.collection.immutable.List.foreach(List.scala:381)
	at org.scalatest.SuperEngine.traverseSubNodes$1(Engine.scala:401)
	at org.scalatest.SuperEngine.org$scalatest$SuperEngine$$runTestsInBranch(Engine.scala:396)
	at org.scalatest.SuperEngine.runTestsImpl(Engine.scala:483)
	at org.scalatest.FunSpecLike$class.runTests(FunSpecLike.scala:464)
	at org.scalatest.FunSpec.runTests(FunSpec.scala:1626)
	at org.scalatest.Suite$class.run(Suite.scala:1424)
	at org.scalatest.FunSpec.org$scalatest$FunSpecLike$$super$run(FunSpec.scala:1626)
	at org.scalatest.FunSpecLike$$anonfun$run$1.apply(FunSpecLike.scala:468)
	at org.scalatest.FunSpecLike$$anonfun$run$1.apply(FunSpecLike.scala:468)
	at org.scalatest.SuperEngine.runImpl(Engine.scala:545)
	at org.scalatest.FunSpecLike$class.run(FunSpecLike.scala:468)
	at org.scalatest.FunSpec.run(FunSpec.scala:1626)
	at org.scalatest.tools.Framework.org$scalatest$tools$Framework$$runSuite(Framework.scala:462)
	at org.scalatest.tools.Framework$ScalaTestTask.execute(Framework.scala:671)
	at sbt.TestRunner.runTest$1(TestFramework.scala:76)
	at sbt.TestRunner.run(TestFramework.scala:85)
	at sbt.TestFramework$$anon$2$$anonfun$$init$$1$$anonfun$apply$8.apply(TestFramework.scala:202)
	at sbt.TestFramework$$anon$2$$anonfun$$init$$1$$anonfun$apply$8.apply(TestFramework.scala:202)
	at sbt.TestFramework$.sbt$TestFramework$$withContextLoader(TestFramework.scala:185)
	at sbt.TestFramework$$anon$2$$anonfun$$init$$1.apply(TestFramework.scala:202)
	at sbt.TestFramework$$anon$2$$anonfun$$init$$1.apply(TestFramework.scala:202)
	at sbt.TestFunction.apply(TestFramework.scala:207)
	at sbt.Tests$$anonfun$9.apply(Tests.scala:216)
	at sbt.Tests$$anonfun$9.apply(Tests.scala:216)
	at sbt.std.Transform$$anon$3$$anonfun$apply$2.apply(System.scala:44)
	at sbt.std.Transform$$anon$3$$anonfun$apply$2.apply(System.scala:44)
	at sbt.std.Transform$$anon$4.work(System.scala:63)
	at sbt.Execute$$anonfun$submit$1$$anonfun$apply$1.apply(Execute.scala:226)
	at sbt.Execute$$anonfun$submit$1$$anonfun$apply$1.apply(Execute.scala:226)
	at sbt.ErrorHandling$.wideConvert(ErrorHandling.scala:17)
	at sbt.Execute.work(Execute.scala:235)
	at sbt.Execute$$anonfun$submit$1.apply(Execute.scala:226)
	at sbt.Execute$$anonfun$submit$1.apply(Execute.scala:226)
	at sbt.ConcurrentRestrictions$$anon$4$$anonfun$1.apply(ConcurrentRestrictions.scala:159)
	at sbt.CompletionService$$anon$2.call(CompletionService.scala:28)
	at java.util.concurrent.FutureTask.run(FutureTask.java:266)
	at java.util.concurrent.Executors$RunnableAdapter.call(Executors.java:511)
	at java.util.concurrent.FutureTask.run(FutureTask.java:266)
	at java.util.concurrent.ThreadPoolExecutor.runWorker(ThreadPoolExecutor.java:1142)
	at java.util.concurrent.ThreadPoolExecutor$Worker.run(ThreadPoolExecutor.java:617)
	at java.lang.Thread.run(Thread.java:745)
</failure>
                                               </testcase>
                     <system-out></system-out>
                     <system-err></system-err>
                   </testsuite>